Archivo: c2.gram
Fecha: 05/12/2022 09:53:36 a. m.
Gramatica ST 
: ST 
cplusplus ST 

 FinProduccion 
Programa ST 
-> Produce 
Librerias ST 
Variables ST 
Main ST 

 FinProduccion 
Main ST 
-> Produce 
TipoDato ST 
main ST 
( ST 
) ST 
BloqueInstrucciones ST 

 FinProduccion 
Librerias ST 
-> Produce 
# ST 
include ST 
< ST 
Identificador ST 
. ST 
h ST 
> ST 

 FinProduccion 
Variables ST 
-> Produce 
\( PIzquierdo 
Identificador ST 
\) PDerecho 

 FinProduccion 
Printf ST 
-> Produce 
printf ST 
( ST 
\( PIzquierdo 
Cadena ST 
\) PDerecho 
) ST 

 FinProduccion 
Scanf ST 
-> Produce 
scanf ST 
( ST 
\( PIzquierdo 
Cadena ST 
\) PDerecho 
) ST 

 FinProduccion 
BloqueInstrucciones ST 
-> Produce 
{ ST 
ListaInstrucciones ST 
} ST 

 FinProduccion 
ListaInstrucciones ST 
-> Produce 
Instruccion ST 
\( PIzquierdo 
; ST 
ListaInstrucciones ST 
\) PDerecho 

 FinProduccion 
Instruccion ST 
-> Produce 
Printf ST 
( ST 
Scanf ST 
) ST 
